<?xml version="1.0" encoding="UTF-8"?>
<!-- Generated by org.testng.reporters.JUnitReportReporter -->
<testsuite skipped="0" hostname="W10x64-50GB" name="testcases.TestLoginWithReport" tests="1" failures="0" timestamp="23 Nov 2017 10:24:49 GMT" time="2.596" errors="0">
  <testcase name="testLogin" time="2.596" classname="testcases.TestLoginWithReport"/>
</testsuite> <!-- testcases.TestLoginWithReport -->
