<?xml version="1.0" encoding="UTF-8"?>
<!-- Generated by org.testng.reporters.JUnitReportReporter -->
<testsuite skipped="0" hostname="W10x64-50GB" name="testcases.TestLoginWithReportScreenshot" tests="1" failures="0" timestamp="01 Dec 2017 11:41:48 GMT" time="5.022" errors="0">
  <testcase name="testLogin" time="5.022" classname="testcases.TestLoginWithReportScreenshot"/>
</testsuite> <!-- testcases.TestLoginWithReportScreenshot -->
