<?xml version="1.0" encoding="UTF-8"?>
<!-- Generated by org.testng.reporters.JUnitReportReporter -->
<testsuite skipped="1" hostname="W10x64-50GB" name="testcases.TestSwitchTab" tests="3" failures="0" timestamp="04 Dec 2017 11:57:15 GMT" time="40.033" errors="0">
  <testcase name="searchUser" time="21.676" classname="testcases.TestSwitchTab"/>
  <testcase name="switchTab" time="2.046" classname="testcases.TestSwitchTab"/>
  <testcase name="searchUser" time="16.311" classname="testcases.TestSwitchTab">
    <skipped/>
  </testcase> <!-- searchUser -->
</testsuite> <!-- testcases.TestSwitchTab -->
