<?xml version="1.0" encoding="UTF-8"?>
<!-- Generated by org.testng.reporters.JUnitReportReporter -->
<testsuite skipped="0" hostname="W10x64-50GB" name="testcases.TestLogin" tests="1" failures="0" timestamp="21 Nov 2017 12:01:20 GMT" time="17.734" errors="0">
  <testcase name="testLogin" time="17.734" classname="testcases.TestLogin"/>
</testsuite> <!-- testcases.TestLogin -->
